This is pdfTeX, Version 3.141592653-2.6-1.40.22 (MiKTeX 21.6) (preloaded format=pdflatex 2021.7.11)  11 JUL 2021 22:20
entering extended mode
**./LaTeX1.tex
(LaTeX1.tex
LaTeX2e <2021-06-01>
L3 programming layer <2021-06-01>
(D:\Programmation\Latex\MiKTex\tex/latex/base\report.cls
Document Class: report 2021/02/12 v1.4n Standard LaTeX document class
(D:\Programmation\Latex\MiKTex\tex/latex/base\size10.clo
File: size10.clo 2021/02/12 v1.4n Standard LaTeX file (size option)
)
\c@part=\count182
\c@chapter=\count183
\c@section=\count184
\c@subsection=\count185
\c@subsubsection=\count186
\c@paragraph=\count187
\c@subparagraph=\count188
\c@figure=\count189
\c@table=\count190
\abovecaptionskip=\skip47
\belowcaptionskip=\skip48
\bibindent=\dimen138
)
(D:\Programmation\Latex\MiKTex\tex/latex/amsmath\amsmath.sty
Package: amsmath 2021/04/20 v2.17j AMS math features
\@mathmargin=\skip49

For additional information on amsmath, use the `?' option.
(D:\Programmation\Latex\MiKTex\tex/latex/amsmath\amstext.sty
Package: amstext 2000/06/29 v2.01 AMS text

(D:\Programmation\Latex\MiKTex\tex/latex/amsmath\amsgen.sty
File: amsgen.sty 1999/11/30 v2.0 generic functions
\@emptytoks=\toks16
\ex@=\dimen139
))
(D:\Programmation\Latex\MiKTex\tex/latex/amsmath\amsbsy.sty
Package: amsbsy 1999/11/29 v1.2d Bold Symbols
\pmbraise@=\dimen140
)
(D:\Programmation\Latex\MiKTex\tex/latex/amsmath\amsopn.sty
Package: amsopn 2016/03/08 v2.02 operator names
)
\inf@bad=\count191
LaTeX Info: Redefining \frac on input line 234.
\uproot@=\count192
\leftroot@=\count193
LaTeX Info: Redefining \overline on input line 399.
\classnum@=\count194
\DOTSCASE@=\count195
LaTeX Info: Redefining \ldots on input line 496.
LaTeX Info: Redefining \dots on input line 499.
LaTeX Info: Redefining \cdots on input line 620.
\Mathstrutbox@=\box50
\strutbox@=\box51
\big@size=\dimen141
LaTeX Font Info:    Redeclaring font encoding OML on input line 743.
LaTeX Font Info:    Redeclaring font encoding OMS on input line 744.
\macc@depth=\count196
\c@MaxMatrixCols=\count197
\dotsspace@=\muskip16
\c@parentequation=\count198
\dspbrk@lvl=\count199
\tag@help=\toks17
\row@=\count266
\column@=\count267
\maxfields@=\count268
\andhelp@=\toks18
\eqnshift@=\dimen142
\alignsep@=\dimen143
\tagshift@=\dimen144
\tagwidth@=\dimen145
\totwidth@=\dimen146
\lineht@=\dimen147
\@envbody=\toks19
\multlinegap=\skip50
\multlinetaggap=\skip51
\mathdisplay@stack=\toks20
LaTeX Info: Redefining \[ on input line 2923.
LaTeX Info: Redefining \] on input line 2924.
)
(D:\Programmation\Latex\MiKTex\tex/latex/amsfonts\amssymb.sty
Package: amssymb 2013/01/14 v3.01 AMS font symbols

(D:\Programmation\Latex\MiKTex\tex/latex/amsfonts\amsfonts.sty
Package: amsfonts 2013/01/14 v3.01 Basic AMSFonts support
\symAMSa=\mathgroup4
\symAMSb=\mathgroup5
LaTeX Font Info:    Redeclaring math symbol \hbar on input line 98.
LaTeX Font Info:    Overwriting math alphabet `\mathfrak' in version `bold'
(Font)                  U/euf/m/n --> U/euf/b/n on input line 106.
))
(D:\Programmation\Latex\MiKTex\tex/latex/jknappen\mathrsfs.sty
Package: mathrsfs 1996/01/01 Math RSFS package v1.0 (jk)
\symrsfs=\mathgroup6
)
(D:\Programmation\Latex\MiKTex\tex/latex/graphics\graphicx.sty
Package: graphicx 2020/12/05 v1.2c Enhanced LaTeX Graphics (DPC,SPQR)

(D:\Programmation\Latex\MiKTex\tex/latex/graphics\keyval.sty
Package: keyval 2014/10/28 v1.15 key=value parser (DPC)
\KV@toks@=\toks21
)
(D:\Programmation\Latex\MiKTex\tex/latex/graphics\graphics.sty
Package: graphics 2021/03/04 v1.4d Standard LaTeX Graphics (DPC,SPQR)

(D:\Programmation\Latex\MiKTex\tex/latex/graphics\trig.sty
Package: trig 2016/01/03 v1.10 sin cos tan (DPC)
)
(D:\Programmation\Latex\MiKTex\tex/latex/graphics-cfg\graphics.cfg
File: graphics.cfg 2016/06/04 v1.11 sample graphics configuration
)
Package graphics Info: Driver file: pdftex.def on input line 107.

(D:\Programmation\Latex\MiKTex\tex/latex/graphics-def\pdftex.def
File: pdftex.def 2020/10/05 v1.2a Graphics/color driver for pdftex
))
\Gin@req@height=\dimen148
\Gin@req@width=\dimen149
)
(D:\Programmation\Latex\MiKTex\tex/latex/l3backend\l3backend-pdftex.def
File: l3backend-pdftex.def 2021-05-07 L3 backend support: PDF output (pdfTeX)
\l__color_backend_stack_int=\count269
\l__pdf_internal_box=\box52
)
(LaTeX1.aux)
\openout1 = `LaTeX1.aux'.

LaTeX Font Info:    Checking defaults for OML/cmm/m/it on input line 8.
LaTeX Font Info:    ... okay on input line 8.
LaTeX Font Info:    Checking defaults for OMS/cmsy/m/n on input line 8.
LaTeX Font Info:    ... okay on input line 8.
LaTeX Font Info:    Checking defaults for OT1/cmr/m/n on input line 8.
LaTeX Font Info:    ... okay on input line 8.
LaTeX Font Info:    Checking defaults for T1/cmr/m/n on input line 8.
LaTeX Font Info:    ... okay on input line 8.
LaTeX Font Info:    Checking defaults for TS1/cmr/m/n on input line 8.
LaTeX Font Info:    ... okay on input line 8.
LaTeX Font Info:    Checking defaults for OMX/cmex/m/n on input line 8.
LaTeX Font Info:    ... okay on input line 8.
LaTeX Font Info:    Checking defaults for U/cmr/m/n on input line 8.
LaTeX Font Info:    ... okay on input line 8.
 (D:\Programmation\Latex\MiKTex\tex/context/base/mkii\supp-pdf.mkii
[Loading MPS to PDF converter (version 2006.09.02).]
\scratchcounter=\count270
\scratchdimen=\dimen150
\scratchbox=\box53
\nofMPsegments=\count271
\nofMParguments=\count272
\everyMPshowfont=\toks22
\MPscratchCnt=\count273
\MPscratchDim=\dimen151
\MPnumerator=\count274
\makeMPintoPDFobject=\count275
\everyMPtoPDFconversion=\toks23
) (D:\Programmation\Latex\MiKTex\tex/latex/epstopdf-pkg\epstopdf-base.sty
Package: epstopdf-base 2020-01-24 v2.11 Base part for package epstopdf
Package epstopdf-base Info: Redefining graphics rule for `.eps' on input line 4
85.

(D:\Programmation\Latex\MiKTex\tex/latex/00miktex\epstopdf-sys.cfg
File: epstopdf-sys.cfg 2021/03/18 v2.0 Configuration of epstopdf for MiKTeX
))
LaTeX Font Info:    Trying to load font information for U+msa on input line 14.


(D:\Programmation\Latex\MiKTex\tex/latex/amsfonts\umsa.fd
File: umsa.fd 2013/01/14 v3.01 AMS symbols A
)
LaTeX Font Info:    Trying to load font information for U+msb on input line 14.


(D:\Programmation\Latex\MiKTex\tex/latex/amsfonts\umsb.fd
File: umsb.fd 2013/01/14 v3.01 AMS symbols B
)
LaTeX Font Info:    Trying to load font information for U+rsfs on input line 14
.

(D:\Programmation\Latex\MiKTex\tex/latex/jknappen\ursfs.fd
File: ursfs.fd 1998/03/24 rsfs font definition file (jk)
)
<murs.png, id=1, 202.95825pt x 133.6995pt>
File: murs.png Graphic file (type png)
<use murs.png>
Package pdftex.def Info: murs.png  used on input line 23.
(pdftex.def)             Requested size: 202.95775pt x 133.69916pt.
<raquette.png, id=3, 53.60025pt x 121.05225pt>
File: raquette.png Graphic file (type png)
<use raquette.png>
Package pdftex.def Info: raquette.png  used on input line 42.
(pdftex.def)             Requested size: 53.6001pt x 121.05194pt.

Overfull \hbox (7.70874pt too wide) in paragraph at lines 14--43
[][]\OT1/cmr/m/n/10 Etant donne qu'on a defini le vecteur vitesse ini-tial pa
r $[](\OML/cmm/m/it/10 t\OT1/cmr/m/n/10 ) : (\OML/cmm/m/it/10 Vx[] []t; Vy[] []
t\OT1/cmr/m/n/10 )$
 []


Underfull \hbox (badness 10000) in paragraph at lines 14--43

 []


Underfull \hbox (badness 10000) in paragraph at lines 14--43

 []


Underfull \hbox (badness 10000) in paragraph at lines 14--43

 []


Underfull \hbox (badness 10000) in paragraph at lines 14--43

 []


Underfull \hbox (badness 10000) in paragraph at lines 14--43

 []


Underfull \hbox (badness 10000) in paragraph at lines 14--43

 []


Underfull \hbox (badness 10000) in paragraph at lines 14--43

 []


Underfull \hbox (badness 10000) in paragraph at lines 14--43

 []


Underfull \hbox (badness 10000) in paragraph at lines 14--43

 []


Underfull \hbox (badness 10000) in paragraph at lines 14--43

 []


Underfull \hbox (badness 10000) in paragraph at lines 14--43

 []


Underfull \hbox (badness 10000) in paragraph at lines 14--43

 []


Underfull \hbox (badness 10000) in paragraph at lines 14--43

 []

[1

{C:/Users/lilia/AppData/Local/MiKTeX/pdftex/config/pdftex.map} <./murs.png>]
Overfull \hbox (30.40814pt too wide) in paragraph at lines 44--45
[]$\OML/cmm/m/it/10 angle \OT1/cmr/m/n/10 = [] \OMS/cmsy/m/n/10  \OML/cmm/m/it
/10 y[] \OT1/cmr/m/n/10 + (45 \OMS/cmsy/m/n/10   []  \OT1/cmr/m/n/10 (\OML/cmm
/m/it/10 x[] \OT1/cmr/m/n/10 + \OML/cmm/m/it/10 longueur[]\OT1/cmr/m/n/10 ))$ 
 []

[2 <./raquette.png>] (LaTeX1.aux) ) 
Here is how much of TeX's memory you used:
 2417 strings out of 478864
 32428 string characters out of 2855725
 332398 words of memory out of 3000000
 20340 multiletter control sequences out of 15000+600000
 405932 words of font info for 39 fonts, out of 8000000 for 9000
 1141 hyphenation exceptions out of 8191
 57i,5n,66p,373b,124s stack positions out of 5000i,500n,10000p,200000b,80000s
<D:/Programmation/Latex/MiKTex/fonts/type1/p
ublic/amsfonts/cm/cmbx10.pfb><D:/Programmation/Latex/MiKTex/fonts/type1/public/
amsfonts/cm/cmex10.pfb><D:/Programmation/Latex/MiKTex/fonts/type1/public/amsfon
ts/cm/cmmi10.pfb><D:/Programmation/Latex/MiKTex/fonts/type1/public/amsfonts/cm/
cmmi5.pfb><D:/Programmation/Latex/MiKTex/fonts/type1/public/amsfonts/cm/cmmi7.p
fb><D:/Programmation/Latex/MiKTex/fonts/type1/public/amsfonts/cm/cmr10.pfb><D:/
Programmation/Latex/MiKTex/fonts/type1/public/amsfonts/cm/cmr7.pfb><D:/Programm
ation/Latex/MiKTex/fonts/type1/public/amsfonts/cm/cmsy10.pfb>
Output written on LaTeX1.pdf (2 pages, 98077 bytes).
PDF statistics:
 54 PDF objects out of 1000 (max. 8388607)
 0 named destinations out of 1000 (max. 500000)
 11 words of extra memory for PDF output out of 10000 (max. 10000000)

